0 info it worked if it ends with ok
1 verbose cli [ '/usr/local/bin/node',
1 verbose cli   '/Users/saibotsivad/Development/npm_global/bin/npm',
1 verbose cli   'run',
1 verbose cli   'build' ]
2 info using npm@3.10.5
3 info using node@v6.8.1
4 verbose run-script [ 'prebuild', 'build', 'postbuild' ]
5 info lifecycle svelte-progress-bar@1.0.5~prebuild: svelte-progress-bar@1.0.5
6 silly lifecycle svelte-progress-bar@1.0.5~prebuild: no script for prebuild, continuing
7 info lifecycle svelte-progress-bar@1.0.5~build: svelte-progress-bar@1.0.5
8 verbose lifecycle svelte-progress-bar@1.0.5~build: unsafe-perm in lifecycle true
9 verbose lifecycle svelte-progress-bar@1.0.5~build: PATH: /Users/saibotsivad/Development/npm_global/lib/node_modules/npm/bin/node-gyp-bin:/Users/saibotsivad/Development/git/saibotsivad/svelte-progress-bar/node_modules/.bin:/usr/local/bin:/Users/saibotsivad/.rvm/gems/ruby-2.0.0-p594/bin:/Users/saibotsivad/.rvm/gems/ruby-2.0.0-p594@global/bin:/Users/saibotsivad/.rvm/rubies/ruby-2.0.0-p594/bin:/Library/Java/JavaVirtualMachines/jdk1.8.0_25.jdk/Contents/Home/bin:/Users/saibotsivad/Development/npm_global/bin:/Users/saibotsivad/Development/git/saibotsivad/KayserCommentaryDeployer/sublime-preview:/usr/local/bin:/usr/bin:/bin:/usr/sbin:/sbin:/opt/X11/bin:/usr/local/MacGPG2/bin:/usr/texbin:/Users/saibotsivad/Development/scripts:/Users/saibotsivad/Development/ngrok:/Users/saibotsivad/.rvm/bin
10 verbose lifecycle svelte-progress-bar@1.0.5~build: CWD: /Users/saibotsivad/Development/git/saibotsivad/svelte-progress-bar
11 silly lifecycle svelte-progress-bar@1.0.5~build: Args: [ '-c', 'npm run build:docs && npm run build:dist' ]
12 silly lifecycle svelte-progress-bar@1.0.5~build: Returned: code: 1  signal: null
13 info lifecycle svelte-progress-bar@1.0.5~build: Failed to exec build script
14 verbose stack Error: svelte-progress-bar@1.0.5 build: `npm run build:docs && npm run build:dist`
14 verbose stack Exit status 1
14 verbose stack     at EventEmitter.<anonymous> (/Users/saibotsivad/Development/npm_global/lib/node_modules/npm/lib/utils/lifecycle.js:242:16)
14 verbose stack     at emitTwo (events.js:106:13)
14 verbose stack     at EventEmitter.emit (events.js:191:7)
14 verbose stack     at ChildProcess.<anonymous> (/Users/saibotsivad/Development/npm_global/lib/node_modules/npm/lib/utils/spawn.js:40:14)
14 verbose stack     at emitTwo (events.js:106:13)
14 verbose stack     at ChildProcess.emit (events.js:191:7)
14 verbose stack     at maybeClose (internal/child_process.js:877:16)
14 verbose stack     at Process.ChildProcess._handle.onexit (internal/child_process.js:226:5)
15 verbose pkgid svelte-progress-bar@1.0.5
16 verbose cwd /Users/saibotsivad/Development/git/saibotsivad/svelte-progress-bar
17 error Darwin 15.6.0
18 error argv "/usr/local/bin/node" "/Users/saibotsivad/Development/npm_global/bin/npm" "run" "build"
19 error node v6.8.1
20 error npm  v3.10.5
21 error code ELIFECYCLE
22 error svelte-progress-bar@1.0.5 build: `npm run build:docs && npm run build:dist`
22 error Exit status 1
23 error Failed at the svelte-progress-bar@1.0.5 build script 'npm run build:docs && npm run build:dist'.
23 error Make sure you have the latest version of node.js and npm installed.
23 error If you do, this is most likely a problem with the svelte-progress-bar package,
23 error not with npm itself.
23 error Tell the author that this fails on your system:
23 error     npm run build:docs && npm run build:dist
23 error You can get information on how to open an issue for this project with:
23 error     npm bugs svelte-progress-bar
23 error Or if that isn't available, you can get their info via:
23 error     npm owner ls svelte-progress-bar
23 error There is likely additional logging output above.
24 verbose exit [ 1, true ]
